{"/home/scrip/DATA/Dev/Projets/mobx-records/src/Collection.ts": {"path":"/home/scrip/DATA/Dev/Projets/mobx-records/src/Collection.ts","statementMap":{"0":{"start":{"line":2,"column":0},"end":{"line":2,"column":35}},"1":{"start":{"line":3,"column":0},"end":{"line":3,"column":25}},"2":{"start":{"line":5,"column":0},"end":{"line":7,"column":0}},"3":{"start":{"line":7,"column":0},"end":{"line":7,"column":1}},"4":{"start":{"line":5,"column":22},"end":{"line":5,"column":32}}},"fnMap":{"0":{"name":"(anonymous_0)","decl":{"start":{"line":5,"column":0},"end":{"line":null,"column":-1}},"loc":{"start":{"line":5,"column":0},"end":{"line":5,"column":-1}}}},"branchMap":{},"s":{"0":1,"1":1,"2":1,"3":1,"4":1},"f":{"0":9},"b":{}}
,"/home/scrip/DATA/Dev/Projets/mobx-records/src/Record.ts": {"path":"/home/scrip/DATA/Dev/Projets/mobx-records/src/Record.ts","statementMap":{"0":{"start":{"line":1,"column":0},"end":{"line":1,"column":28}},"1":{"start":{"line":3,"column":0},"end":{"line":3,"column":45}},"2":{"start":{"line":6,"column":0},"end":{"line":31,"column":0}},"3":{"start":{"line":7,"column":9},"end":{"line":7,"column":68}},"4":{"start":{"line":8,"column":9},"end":{"line":8,"column":53}},"5":{"start":{"line":10,"column":2},"end":{"line":13,"column":3}},"6":{"start":{"line":11,"column":14},"end":{"line":11,"column":37}},"7":{"start":{"line":12,"column":4},"end":{"line":12,"column":30}},"8":{"start":{"line":15,"column":12},"end":{"line":21,"column":3}},"9":{"start":{"line":15,"column":2},"end":{"line":21,"column":2}},"10":{"start":{"line":16,"column":29},"end":{"line":16,"column":31}},"11":{"start":{"line":17,"column":4},"end":{"line":19,"column":6}},"12":{"start":{"line":18,"column":6},"end":{"line":18,"column":35}},"13":{"start":{"line":20,"column":4},"end":{"line":20,"column":27}},"14":{"start":{"line":23,"column":2},"end":{"line":26,"column":3}},"15":{"start":{"line":24,"column":14},"end":{"line":24,"column":37}},"16":{"start":{"line":25,"column":4},"end":{"line":25,"column":32}},"17":{"start":{"line":28,"column":2},"end":{"line":30,"column":3}},"18":{"start":{"line":29,"column":4},"end":{"line":29,"column":34}},"19":{"start":{"line":31,"column":0},"end":{"line":31,"column":1}},"20":{"start":{"line":6,"column":13},"end":{"line":6,"column":19}}},"fnMap":{"0":{"name":"(anonymous_1)","decl":{"start":{"line":6,"column":0},"end":{"line":null,"column":-1}},"loc":{"start":{"line":6,"column":0},"end":{"line":6,"column":-1}}},"1":{"name":"(anonymous_3)","decl":{"start":{"line":10,"column":2},"end":{"line":null,"column":-1}},"loc":{"start":{"line":10,"column":2},"end":{"line":13,"column":3}}},"2":{"name":"(anonymous_4)","decl":{"start":{"line":15,"column":12},"end":{"line":null,"column":-1}},"loc":{"start":{"line":15,"column":12},"end":{"line":21,"column":3}}},"3":{"name":"(anonymous_5)","decl":{"start":{"line":17,"column":34},"end":{"line":17,"column":34}},"loc":{"start":{"line":17,"column":43},"end":{"line":19,"column":5}}},"4":{"name":"(anonymous_6)","decl":{"start":{"line":23,"column":2},"end":{"line":null,"column":-1}},"loc":{"start":{"line":23,"column":2},"end":{"line":26,"column":3}}},"5":{"name":"(anonymous_7)","decl":{"start":{"line":28,"column":2},"end":{"line":null,"column":-1}},"loc":{"start":{"line":28,"column":2},"end":{"line":30,"column":3}}}},"branchMap":{"0":{"loc":{"start":{"line":12,"column":11},"end":{"line":12,"column":24}},"type":"binary-expr","locations":[{"start":{"line":12,"column":11},"end":{"line":12,"column":24}},{"start":{"line":12,"column":28},"end":{"line":12,"column":30}}]},"1":{"loc":{"start":{"line":25,"column":11},"end":{"line":25,"column":26}},"type":"binary-expr","locations":[{"start":{"line":25,"column":11},"end":{"line":25,"column":26}},{"start":{"line":25,"column":30},"end":{"line":25,"column":32}}]}},"s":{"0":1,"1":1,"2":1,"3":7,"4":7,"5":1,"6":10,"7":10,"8":2,"9":1,"10":1,"11":1,"12":3,"13":1,"14":1,"15":7,"16":7,"17":1,"18":5,"19":1,"20":1},"f":{"0":8,"1":10,"2":1,"3":3,"4":7,"5":5},"b":{"0":[10,1],"1":[7,1]}}
,"/home/scrip/DATA/Dev/Projets/mobx-records/src/decorators.ts": {"path":"/home/scrip/DATA/Dev/Projets/mobx-records/src/decorators.ts","statementMap":{"0":{"start":{"line":1,"column":0},"end":{"line":1,"column":39}},"1":{"start":{"line":6,"column":2},"end":{"line":8,"column":3}},"2":{"start":{"line":7,"column":4},"end":{"line":7,"column":39}},"3":{"start":{"line":9,"column":2},"end":{"line":9,"column":42}},"4":{"start":{"line":5,"column":0},"end":{"line":10,"column":1}},"5":{"start":{"line":13,"column":2},"end":{"line":18,"column":3}},"6":{"start":{"line":14,"column":4},"end":{"line":16,"column":5}},"7":{"start":{"line":15,"column":6},"end":{"line":15,"column":43}},"8":{"start":{"line":17,"column":4},"end":{"line":17,"column":56}},"9":{"start":{"line":12,"column":0},"end":{"line":19,"column":1}}},"fnMap":{"0":{"name":"attribute","decl":{"start":{"line":5,"column":16},"end":{"line":5,"column":25}},"loc":{"start":{"line":5,"column":50},"end":{"line":10,"column":1}}},"1":{"name":"association","decl":{"start":{"line":12,"column":16},"end":{"line":12,"column":27}},"loc":{"start":{"line":12,"column":59},"end":{"line":19,"column":1}}},"2":{"name":"(anonymous_2)","decl":{"start":{"line":13,"column":9},"end":{"line":13,"column":9}},"loc":{"start":{"line":13,"column":34},"end":{"line":18,"column":3}}}},"branchMap":{"0":{"loc":{"start":{"line":6,"column":2},"end":{"line":8,"column":3}},"type":"if","locations":[{"start":{"line":6,"column":2},"end":{"line":8,"column":3}},{"start":{"line":6,"column":2},"end":{"line":8,"column":3}}]},"1":{"loc":{"start":{"line":14,"column":4},"end":{"line":16,"column":5}},"type":"if","locations":[{"start":{"line":14,"column":4},"end":{"line":16,"column":5}},{"start":{"line":14,"column":4},"end":{"line":16,"column":5}}]}},"s":{"0":1,"1":13,"2":4,"3":13,"4":1,"5":3,"6":3,"7":2,"8":3,"9":1},"f":{"0":13,"1":3,"2":3},"b":{"0":[4,9],"1":[2,1]}}
,"/home/scrip/DATA/Dev/Projets/mobx-records/src/index.ts": {"path":"/home/scrip/DATA/Dev/Projets/mobx-records/src/index.ts","statementMap":{"0":{"start":{"line":1,"column":0},"end":{"line":1,"column":38}},"1":{"start":{"line":5,"column":2},"end":{"line":5,"column":12}},"2":{"start":{"line":2,"column":0},"end":{"line":2,"column":30}},"3":{"start":{"line":6,"column":2},"end":{"line":6,"column":8}}},"fnMap":{},"branchMap":{},"s":{"0":1,"1":1,"2":1,"3":1},"f":{},"b":{}}
}
