TN:
SF:/home/scrip/DATA/Dev/Projets/mobx-records/src/Collection.ts
FN:5,(anonymous_0)
FNF:1
FNH:1
FNDA:9,(anonymous_0)
DA:2,1
DA:3,1
DA:5,1
DA:7,1
LF:4
LH:4
BRF:0
BRH:0
end_of_record
TN:
SF:/home/scrip/DATA/Dev/Projets/mobx-records/src/Record.ts
FN:6,(anonymous_1)
FN:10,(anonymous_3)
FN:15,(anonymous_4)
FN:17,(anonymous_5)
FN:23,(anonymous_6)
FN:28,(anonymous_7)
FNF:6
FNH:6
FNDA:8,(anonymous_1)
FNDA:10,(anonymous_3)
FNDA:1,(anonymous_4)
FNDA:3,(anonymous_5)
FNDA:7,(anonymous_6)
FNDA:5,(anonymous_7)
DA:1,1
DA:3,1
DA:6,1
DA:7,7
DA:8,7
DA:10,1
DA:11,10
DA:12,10
DA:15,2
DA:16,1
DA:17,1
DA:18,3
DA:20,1
DA:23,1
DA:24,7
DA:25,7
DA:28,1
DA:29,5
DA:31,1
LF:19
LH:19
BRDA:12,0,0,10
BRDA:12,0,1,1
BRDA:25,1,0,7
BRDA:25,1,1,1
BRF:4
BRH:4
end_of_record
TN:
SF:/home/scrip/DATA/Dev/Projets/mobx-records/src/decorators.ts
FN:5,attribute
FN:12,association
FN:13,(anonymous_2)
FNF:3
FNH:3
FNDA:13,attribute
FNDA:3,association
FNDA:3,(anonymous_2)
DA:1,1
DA:5,1
DA:6,13
DA:7,4
DA:9,13
DA:12,1
DA:13,3
DA:14,3
DA:15,2
DA:17,3
LF:10
LH:10
BRDA:6,0,0,4
BRDA:6,0,1,9
BRDA:14,1,0,2
BRDA:14,1,1,1
BRF:4
BRH:4
end_of_record
TN:
SF:/home/scrip/DATA/Dev/Projets/mobx-records/src/index.ts
FNF:0
FNH:0
DA:1,1
DA:2,1
DA:5,1
DA:6,1
LF:4
LH:4
BRF:0
BRH:0
end_of_record
